<?xml version="1.0" encoding="UTF-8"?>
<!-- Generated by org.testng.reporters.JUnitReportReporter -->
<testsuite hostname="SC-CAF-CND84305MY" failures="0" tests="3" name="com.automation.testcases.LoginTest" time="16.178" errors="0" timestamp="2024-07-08T10:01:05 IST" skipped="0">
  <testcase classname="com.automation.testcases.LoginTest" name="loginApp" time="1.103"/>
  <system-out/>
  <testcase classname="com.automation.testcases.LoginTest" name="loginApp1" time="14.874"/>
  <system-out/>
  <testcase classname="com.automation.testcases.LoginTest" name="loginApp2" time="0.201"/>
  <system-out/>
</testsuite> <!-- com.automation.testcases.LoginTest -->
