<?xml version="1.0" encoding="UTF-8"?>
<!-- Generated by org.testng.reporters.JUnitReportReporter -->
<testsuite hostname="SC-CAF-CND84305MY" failures="0" tests="3" name="com.automation.testcases.LoginTest" time="44.699" errors="0" timestamp="2024-07-10T10:47:42 IST" skipped="0">
  <testcase classname="com.automation.testcases.LoginTest" name="loginApp" time="0.775"/>
  <system-out/>
  <testcase classname="com.automation.testcases.LoginTest" name="loginApp1" time="43.614"/>
  <system-out/>
  <testcase classname="com.automation.testcases.LoginTest" name="loginApp2" time="0.310"/>
  <system-out/>
</testsuite> <!-- com.automation.testcases.LoginTest -->
